<?xml version="1.0" encoding="UTF-8"?>
<!-- Generated by org.testng.reporters.JUnitReportReporter -->
<testsuite hostname="Testing-21" name="Multi.parameterization" tests="2" failures="0" timestamp="6 Jun 2017 10:03:40 GMT" time="36.075" errors="0">
  <testcase name="TestFireFox" time="13.630" classname="Multi.parameterization"/>
  <testcase name="TestFireFox" time="22.445" classname="Multi.parameterization"/>
</testsuite> <!-- Multi.parameterization -->
